<?xml version="1.0" encoding="UTF-8"?>
<testsuite xmlns:xsi="http://www.w3.org/2001/XMLSchema-instance" xsi:noNamespaceSchemaLocation="https://maven.apache.org/surefire/maven-surefire-plugin/xsd/surefire-test-report.xsd" name="com.cs.YcjApplicationTests" time="6.259" tests="1" errors="0" skipped="0" failures="0">
  <properties>
    <property name="sun.desktop" value="windows"/>
    <property name="awt.toolkit" value="sun.awt.windows.WToolkit"/>
    <property name="file.encoding.pkg" value="sun.io"/>
    <property name="java.specification.version" value="1.8"/>
    <property name="sun.cpu.isalist" value="amd64"/>
    <property name="sun.jnu.encoding" value="GBK"/>
    <property name="java.class.path" value="G:\github_repository\ycj-springboot\ycj-springboot\target\test-classes;G:\github_repository\ycj-springboot\ycj-springboot\target\classes;E:\repo\org\springframework\boot\spring-boot-starter-aop\2.0.0.RELEASE\spring-boot-starter-aop-2.0.0.RELEASE.jar;E:\repo\org\springframework\boot\spring-boot-starter\2.0.0.RELEASE\spring-boot-starter-2.0.0.RELEASE.jar;E:\repo\org\springframework\boot\spring-boot-starter-logging\2.0.0.RELEASE\spring-boot-starter-logging-2.0.0.RELEASE.jar;E:\repo\ch\qos\logback\logback-classic\1.2.3\logback-classic-1.2.3.jar;E:\repo\ch\qos\logback\logback-core\1.2.3\logback-core-1.2.3.jar;E:\repo\org\apache\logging\log4j\log4j-to-slf4j\2.10.0\log4j-to-slf4j-2.10.0.jar;E:\repo\org\apache\logging\log4j\log4j-api\2.10.0\log4j-api-2.10.0.jar;E:\repo\org\slf4j\jul-to-slf4j\1.7.25\jul-to-slf4j-1.7.25.jar;E:\repo\org\yaml\snakeyaml\1.19\snakeyaml-1.19.jar;E:\repo\org\springframework\spring-aop\5.0.4.RELEASE\spring-aop-5.0.4.RELEASE.jar;E:\repo\org\springframework\spring-beans\5.0.4.RELEASE\spring-beans-5.0.4.RELEASE.jar;E:\repo\org\aspectj\aspectjweaver\1.8.13\aspectjweaver-1.8.13.jar;E:\repo\org\springframework\boot\spring-boot-starter-web\2.0.0.RELEASE\spring-boot-starter-web-2.0.0.RELEASE.jar;E:\repo\org\springframework\boot\spring-boot-starter-json\2.0.0.RELEASE\spring-boot-starter-json-2.0.0.RELEASE.jar;E:\repo\com\fasterxml\jackson\core\jackson-databind\2.9.4\jackson-databind-2.9.4.jar;E:\repo\com\fasterxml\jackson\core\jackson-annotations\2.9.0\jackson-annotations-2.9.0.jar;E:\repo\com\fasterxml\jackson\core\jackson-core\2.9.4\jackson-core-2.9.4.jar;E:\repo\com\fasterxml\jackson\datatype\jackson-datatype-jdk8\2.9.4\jackson-datatype-jdk8-2.9.4.jar;E:\repo\com\fasterxml\jackson\datatype\jackson-datatype-jsr310\2.9.4\jackson-datatype-jsr310-2.9.4.jar;E:\repo\com\fasterxml\jackson\module\jackson-module-parameter-names\2.9.4\jackson-module-parameter-names-2.9.4.jar;E:\repo\org\hibernate\validator\hibernate-validator\6.0.7.Final\hibernate-validator-6.0.7.Final.jar;E:\repo\javax\validation\validation-api\2.0.1.Final\validation-api-2.0.1.Final.jar;E:\repo\org\jboss\logging\jboss-logging\3.3.2.Final\jboss-logging-3.3.2.Final.jar;E:\repo\com\fasterxml\classmate\1.3.4\classmate-1.3.4.jar;E:\repo\org\springframework\spring-web\5.0.4.RELEASE\spring-web-5.0.4.RELEASE.jar;E:\repo\org\springframework\spring-webmvc\5.0.4.RELEASE\spring-webmvc-5.0.4.RELEASE.jar;E:\repo\org\springframework\spring-context\5.0.4.RELEASE\spring-context-5.0.4.RELEASE.jar;E:\repo\org\springframework\spring-expression\5.0.4.RELEASE\spring-expression-5.0.4.RELEASE.jar;E:\repo\org\springframework\boot\spring-boot-starter-test\2.0.0.RELEASE\spring-boot-starter-test-2.0.0.RELEASE.jar;E:\repo\org\springframework\boot\spring-boot-test\2.0.0.RELEASE\spring-boot-test-2.0.0.RELEASE.jar;E:\repo\org\springframework\boot\spring-boot-test-autoconfigure\2.0.0.RELEASE\spring-boot-test-autoconfigure-2.0.0.RELEASE.jar;E:\repo\com\jayway\jsonpath\json-path\2.4.0\json-path-2.4.0.jar;E:\repo\net\minidev\json-smart\2.3\json-smart-2.3.jar;E:\repo\net\minidev\accessors-smart\1.2\accessors-smart-1.2.jar;E:\repo\org\ow2\asm\asm\5.0.4\asm-5.0.4.jar;E:\repo\junit\junit\4.12\junit-4.12.jar;E:\repo\org\assertj\assertj-core\3.9.1\assertj-core-3.9.1.jar;E:\repo\org\mockito\mockito-core\2.15.0\mockito-core-2.15.0.jar;E:\repo\net\bytebuddy\byte-buddy\1.7.10\byte-buddy-1.7.10.jar;E:\repo\net\bytebuddy\byte-buddy-agent\1.7.10\byte-buddy-agent-1.7.10.jar;E:\repo\org\objenesis\objenesis\2.6\objenesis-2.6.jar;E:\repo\org\hamcrest\hamcrest-core\1.3\hamcrest-core-1.3.jar;E:\repo\org\hamcrest\hamcrest-library\1.3\hamcrest-library-1.3.jar;E:\repo\org\skyscreamer\jsonassert\1.5.0\jsonassert-1.5.0.jar;E:\repo\com\vaadin\external\google\android-json\0.0.20131108.vaadin1\android-json-0.0.20131108.vaadin1.jar;E:\repo\org\springframework\spring-core\5.0.4.RELEASE\spring-core-5.0.4.RELEASE.jar;E:\repo\org\springframework\spring-jcl\5.0.4.RELEASE\spring-jcl-5.0.4.RELEASE.jar;E:\repo\org\springframework\spring-test\5.0.4.RELEASE\spring-test-5.0.4.RELEASE.jar;E:\repo\org\xmlunit\xmlunit-core\2.5.1\xmlunit-core-2.5.1.jar;E:\repo\org\springframework\boot\spring-boot-devtools\2.0.0.RELEASE\spring-boot-devtools-2.0.0.RELEASE.jar;E:\repo\org\springframework\boot\spring-boot\2.0.0.RELEASE\spring-boot-2.0.0.RELEASE.jar;E:\repo\org\springframework\boot\spring-boot-autoconfigure\2.0.0.RELEASE\spring-boot-autoconfigure-2.0.0.RELEASE.jar;E:\repo\org\springframework\boot\spring-boot-configuration-processor\2.0.0.RELEASE\spring-boot-configuration-processor-2.0.0.RELEASE.jar;E:\repo\org\springframework\boot\spring-boot-starter-thymeleaf\2.0.0.RELEASE\spring-boot-starter-thymeleaf-2.0.0.RELEASE.jar;E:\repo\org\thymeleaf\thymeleaf-spring5\3.0.9.RELEASE\thymeleaf-spring5-3.0.9.RELEASE.jar;E:\repo\org\thymeleaf\thymeleaf\3.0.9.RELEASE\thymeleaf-3.0.9.RELEASE.jar;E:\repo\org\attoparser\attoparser\2.0.4.RELEASE\attoparser-2.0.4.RELEASE.jar;E:\repo\org\unbescape\unbescape\1.1.5.RELEASE\unbescape-1.1.5.RELEASE.jar;E:\repo\org\thymeleaf\extras\thymeleaf-extras-java8time\3.0.1.RELEASE\thymeleaf-extras-java8time-3.0.1.RELEASE.jar;E:\repo\com\alibaba\druid-spring-boot-starter\1.1.9\druid-spring-boot-starter-1.1.9.jar;E:\repo\com\alibaba\druid\1.1.9\druid-1.1.9.jar;E:\repo\org\slf4j\slf4j-api\1.7.25\slf4j-api-1.7.25.jar;E:\repo\com\oracle\ojdbc14\10.2.0.4.0\ojdbc14-10.2.0.4.0.jar;E:\repo\org\mybatis\spring\boot\mybatis-spring-boot-starter\1.3.1\mybatis-spring-boot-starter-1.3.1.jar;E:\repo\org\springframework\boot\spring-boot-starter-jdbc\2.0.0.RELEASE\spring-boot-starter-jdbc-2.0.0.RELEASE.jar;E:\repo\com\zaxxer\HikariCP\2.7.8\HikariCP-2.7.8.jar;E:\repo\org\springframework\spring-jdbc\5.0.4.RELEASE\spring-jdbc-5.0.4.RELEASE.jar;E:\repo\org\mybatis\spring\boot\mybatis-spring-boot-autoconfigure\1.3.1\mybatis-spring-boot-autoconfigure-1.3.1.jar;E:\repo\org\mybatis\mybatis\3.4.5\mybatis-3.4.5.jar;E:\repo\org\mybatis\mybatis-spring\1.3.1\mybatis-spring-1.3.1.jar;E:\repo\tk\mybatis\mapper-spring-boot-starter\2.0.3\mapper-spring-boot-starter-2.0.3.jar;E:\repo\tk\mybatis\mapper-core\1.0.4\mapper-core-1.0.4.jar;E:\repo\javax\persistence\persistence-api\1.0\persistence-api-1.0.jar;E:\repo\tk\mybatis\mapper-base\1.0.4\mapper-base-1.0.4.jar;E:\repo\tk\mybatis\mapper-weekend\1.1.3\mapper-weekend-1.1.3.jar;E:\repo\tk\mybatis\mapper-spring\1.0.4\mapper-spring-1.0.4.jar;E:\repo\tk\mybatis\mapper-extra\1.0.4\mapper-extra-1.0.4.jar;E:\repo\tk\mybatis\mapper-spring-boot-autoconfigure\2.0.3\mapper-spring-boot-autoconfigure-2.0.3.jar;E:\repo\com\github\pagehelper\pagehelper-spring-boot-starter\1.2.3\pagehelper-spring-boot-starter-1.2.3.jar;E:\repo\com\github\pagehelper\pagehelper-spring-boot-autoconfigure\1.2.3\pagehelper-spring-boot-autoconfigure-1.2.3.jar;E:\repo\com\github\pagehelper\pagehelper\5.1.2\pagehelper-5.1.2.jar;E:\repo\com\github\jsqlparser\jsqlparser\1.0\jsqlparser-1.0.jar;E:\repo\org\mybatis\generator\mybatis-generator-core\1.3.2\mybatis-generator-core-1.3.2.jar;E:\repo\org\springframework\boot\spring-boot-starter-data-redis\2.0.0.RELEASE\spring-boot-starter-data-redis-2.0.0.RELEASE.jar;E:\repo\org\springframework\data\spring-data-redis\2.0.5.RELEASE\spring-data-redis-2.0.5.RELEASE.jar;E:\repo\org\springframework\data\spring-data-keyvalue\2.0.5.RELEASE\spring-data-keyvalue-2.0.5.RELEASE.jar;E:\repo\org\springframework\data\spring-data-commons\2.0.5.RELEASE\spring-data-commons-2.0.5.RELEASE.jar;E:\repo\org\springframework\spring-tx\5.0.4.RELEASE\spring-tx-5.0.4.RELEASE.jar;E:\repo\org\springframework\spring-oxm\5.0.4.RELEASE\spring-oxm-5.0.4.RELEASE.jar;E:\repo\org\springframework\spring-context-support\5.0.4.RELEASE\spring-context-support-5.0.4.RELEASE.jar;E:\repo\io\lettuce\lettuce-core\5.0.2.RELEASE\lettuce-core-5.0.2.RELEASE.jar;E:\repo\io\projectreactor\reactor-core\3.1.5.RELEASE\reactor-core-3.1.5.RELEASE.jar;E:\repo\org\reactivestreams\reactive-streams\1.0.2\reactive-streams-1.0.2.jar;E:\repo\io\netty\netty-common\4.1.22.Final\netty-common-4.1.22.Final.jar;E:\repo\io\netty\netty-transport\4.1.22.Final\netty-transport-4.1.22.Final.jar;E:\repo\io\netty\netty-buffer\4.1.22.Final\netty-buffer-4.1.22.Final.jar;E:\repo\io\netty\netty-resolver\4.1.22.Final\netty-resolver-4.1.22.Final.jar;E:\repo\io\netty\netty-handler\4.1.22.Final\netty-handler-4.1.22.Final.jar;E:\repo\io\netty\netty-codec\4.1.22.Final\netty-codec-4.1.22.Final.jar;E:\repo\org\springframework\boot\spring-boot-starter-tomcat\2.0.0.RELEASE\spring-boot-starter-tomcat-2.0.0.RELEASE.jar;E:\repo\javax\annotation\javax.annotation-api\1.3.2\javax.annotation-api-1.3.2.jar;E:\repo\org\apache\tomcat\embed\tomcat-embed-core\8.5.28\tomcat-embed-core-8.5.28.jar;E:\repo\org\apache\tomcat\embed\tomcat-embed-el\8.5.28\tomcat-embed-el-8.5.28.jar;E:\repo\org\apache\tomcat\embed\tomcat-embed-websocket\8.5.28\tomcat-embed-websocket-8.5.28.jar;E:\repo\com\alibaba\fastjson\1.1.36\fastjson-1.1.36.jar;E:\repo\com\soecode\wx-tools\wx-tools\2.1.4-RELEASE\wx-tools-2.1.4-RELEASE.jar;E:\repo\org\apache\httpcomponents\httpclient\4.5.5\httpclient-4.5.5.jar;E:\repo\org\apache\httpcomponents\httpcore\4.4.9\httpcore-4.4.9.jar;E:\repo\commons-codec\commons-codec\1.11\commons-codec-1.11.jar;E:\repo\org\apache\httpcomponents\httpmime\4.5.5\httpmime-4.5.5.jar;E:\repo\org\codehaus\jackson\jackson-mapper-asl\1.9.13\jackson-mapper-asl-1.9.13.jar;E:\repo\org\codehaus\jackson\jackson-core-asl\1.9.13\jackson-core-asl-1.9.13.jar;E:\repo\com\thoughtworks\xstream\xstream\1.4.7\xstream-1.4.7.jar;E:\repo\xmlpull\xmlpull\1.1.3.1\xmlpull-1.1.3.1.jar;E:\repo\xpp3\xpp3_min\1.1.4c\xpp3_min-1.1.4c.jar;E:\repo\commons-io\commons-io\2.4\commons-io-2.4.jar;E:\repo\org\apache\commons\commons-lang3\3.7\commons-lang3-3.7.jar;"/>
    <property name="java.vm.vendor" value="Oracle Corporation"/>
    <property name="sun.arch.data.model" value="64"/>
    <property name="user.variant" value=""/>
    <property name="java.vendor.url" value="http://java.oracle.com/"/>
    <property name="user.timezone" value=""/>
    <property name="java.vm.specification.version" value="1.8"/>
    <property name="os.name" value="Windows 10"/>
    <property name="user.country" value="CN"/>
    <property name="sun.java.launcher" value="SUN_STANDARD"/>
    <property name="sun.boot.library.path" value="E:\Java\jdk1.8.0_171\jre\bin"/>
    <property name="sun.java.command" value="C:\Users\llz\AppData\Local\Temp\surefire4647471253442291180\surefirebooter2848639372370411286.jar C:\Users\llz\AppData\Local\Temp\surefire4647471253442291180 2018-07-10T15-15-48_832-jvmRun1 surefire7385782482291536962tmp surefire_08744523652618152295tmp"/>
    <property name="surefire.test.class.path" value="G:\github_repository\ycj-springboot\ycj-springboot\target\test-classes;G:\github_repository\ycj-springboot\ycj-springboot\target\classes;E:\repo\org\springframework\boot\spring-boot-starter-aop\2.0.0.RELEASE\spring-boot-starter-aop-2.0.0.RELEASE.jar;E:\repo\org\springframework\boot\spring-boot-starter\2.0.0.RELEASE\spring-boot-starter-2.0.0.RELEASE.jar;E:\repo\org\springframework\boot\spring-boot-starter-logging\2.0.0.RELEASE\spring-boot-starter-logging-2.0.0.RELEASE.jar;E:\repo\ch\qos\logback\logback-classic\1.2.3\logback-classic-1.2.3.jar;E:\repo\ch\qos\logback\logback-core\1.2.3\logback-core-1.2.3.jar;E:\repo\org\apache\logging\log4j\log4j-to-slf4j\2.10.0\log4j-to-slf4j-2.10.0.jar;E:\repo\org\apache\logging\log4j\log4j-api\2.10.0\log4j-api-2.10.0.jar;E:\repo\org\slf4j\jul-to-slf4j\1.7.25\jul-to-slf4j-1.7.25.jar;E:\repo\org\yaml\snakeyaml\1.19\snakeyaml-1.19.jar;E:\repo\org\springframework\spring-aop\5.0.4.RELEASE\spring-aop-5.0.4.RELEASE.jar;E:\repo\org\springframework\spring-beans\5.0.4.RELEASE\spring-beans-5.0.4.RELEASE.jar;E:\repo\org\aspectj\aspectjweaver\1.8.13\aspectjweaver-1.8.13.jar;E:\repo\org\springframework\boot\spring-boot-starter-web\2.0.0.RELEASE\spring-boot-starter-web-2.0.0.RELEASE.jar;E:\repo\org\springframework\boot\spring-boot-starter-json\2.0.0.RELEASE\spring-boot-starter-json-2.0.0.RELEASE.jar;E:\repo\com\fasterxml\jackson\core\jackson-databind\2.9.4\jackson-databind-2.9.4.jar;E:\repo\com\fasterxml\jackson\core\jackson-annotations\2.9.0\jackson-annotations-2.9.0.jar;E:\repo\com\fasterxml\jackson\core\jackson-core\2.9.4\jackson-core-2.9.4.jar;E:\repo\com\fasterxml\jackson\datatype\jackson-datatype-jdk8\2.9.4\jackson-datatype-jdk8-2.9.4.jar;E:\repo\com\fasterxml\jackson\datatype\jackson-datatype-jsr310\2.9.4\jackson-datatype-jsr310-2.9.4.jar;E:\repo\com\fasterxml\jackson\module\jackson-module-parameter-names\2.9.4\jackson-module-parameter-names-2.9.4.jar;E:\repo\org\hibernate\validator\hibernate-validator\6.0.7.Final\hibernate-validator-6.0.7.Final.jar;E:\repo\javax\validation\validation-api\2.0.1.Final\validation-api-2.0.1.Final.jar;E:\repo\org\jboss\logging\jboss-logging\3.3.2.Final\jboss-logging-3.3.2.Final.jar;E:\repo\com\fasterxml\classmate\1.3.4\classmate-1.3.4.jar;E:\repo\org\springframework\spring-web\5.0.4.RELEASE\spring-web-5.0.4.RELEASE.jar;E:\repo\org\springframework\spring-webmvc\5.0.4.RELEASE\spring-webmvc-5.0.4.RELEASE.jar;E:\repo\org\springframework\spring-context\5.0.4.RELEASE\spring-context-5.0.4.RELEASE.jar;E:\repo\org\springframework\spring-expression\5.0.4.RELEASE\spring-expression-5.0.4.RELEASE.jar;E:\repo\org\springframework\boot\spring-boot-starter-test\2.0.0.RELEASE\spring-boot-starter-test-2.0.0.RELEASE.jar;E:\repo\org\springframework\boot\spring-boot-test\2.0.0.RELEASE\spring-boot-test-2.0.0.RELEASE.jar;E:\repo\org\springframework\boot\spring-boot-test-autoconfigure\2.0.0.RELEASE\spring-boot-test-autoconfigure-2.0.0.RELEASE.jar;E:\repo\com\jayway\jsonpath\json-path\2.4.0\json-path-2.4.0.jar;E:\repo\net\minidev\json-smart\2.3\json-smart-2.3.jar;E:\repo\net\minidev\accessors-smart\1.2\accessors-smart-1.2.jar;E:\repo\org\ow2\asm\asm\5.0.4\asm-5.0.4.jar;E:\repo\junit\junit\4.12\junit-4.12.jar;E:\repo\org\assertj\assertj-core\3.9.1\assertj-core-3.9.1.jar;E:\repo\org\mockito\mockito-core\2.15.0\mockito-core-2.15.0.jar;E:\repo\net\bytebuddy\byte-buddy\1.7.10\byte-buddy-1.7.10.jar;E:\repo\net\bytebuddy\byte-buddy-agent\1.7.10\byte-buddy-agent-1.7.10.jar;E:\repo\org\objenesis\objenesis\2.6\objenesis-2.6.jar;E:\repo\org\hamcrest\hamcrest-core\1.3\hamcrest-core-1.3.jar;E:\repo\org\hamcrest\hamcrest-library\1.3\hamcrest-library-1.3.jar;E:\repo\org\skyscreamer\jsonassert\1.5.0\jsonassert-1.5.0.jar;E:\repo\com\vaadin\external\google\android-json\0.0.20131108.vaadin1\android-json-0.0.20131108.vaadin1.jar;E:\repo\org\springframework\spring-core\5.0.4.RELEASE\spring-core-5.0.4.RELEASE.jar;E:\repo\org\springframework\spring-jcl\5.0.4.RELEASE\spring-jcl-5.0.4.RELEASE.jar;E:\repo\org\springframework\spring-test\5.0.4.RELEASE\spring-test-5.0.4.RELEASE.jar;E:\repo\org\xmlunit\xmlunit-core\2.5.1\xmlunit-core-2.5.1.jar;E:\repo\org\springframework\boot\spring-boot-devtools\2.0.0.RELEASE\spring-boot-devtools-2.0.0.RELEASE.jar;E:\repo\org\springframework\boot\spring-boot\2.0.0.RELEASE\spring-boot-2.0.0.RELEASE.jar;E:\repo\org\springframework\boot\spring-boot-autoconfigure\2.0.0.RELEASE\spring-boot-autoconfigure-2.0.0.RELEASE.jar;E:\repo\org\springframework\boot\spring-boot-configuration-processor\2.0.0.RELEASE\spring-boot-configuration-processor-2.0.0.RELEASE.jar;E:\repo\org\springframework\boot\spring-boot-starter-thymeleaf\2.0.0.RELEASE\spring-boot-starter-thymeleaf-2.0.0.RELEASE.jar;E:\repo\org\thymeleaf\thymeleaf-spring5\3.0.9.RELEASE\thymeleaf-spring5-3.0.9.RELEASE.jar;E:\repo\org\thymeleaf\thymeleaf\3.0.9.RELEASE\thymeleaf-3.0.9.RELEASE.jar;E:\repo\org\attoparser\attoparser\2.0.4.RELEASE\attoparser-2.0.4.RELEASE.jar;E:\repo\org\unbescape\unbescape\1.1.5.RELEASE\unbescape-1.1.5.RELEASE.jar;E:\repo\org\thymeleaf\extras\thymeleaf-extras-java8time\3.0.1.RELEASE\thymeleaf-extras-java8time-3.0.1.RELEASE.jar;E:\repo\com\alibaba\druid-spring-boot-starter\1.1.9\druid-spring-boot-starter-1.1.9.jar;E:\repo\com\alibaba\druid\1.1.9\druid-1.1.9.jar;E:\repo\org\slf4j\slf4j-api\1.7.25\slf4j-api-1.7.25.jar;E:\repo\com\oracle\ojdbc14\10.2.0.4.0\ojdbc14-10.2.0.4.0.jar;E:\repo\org\mybatis\spring\boot\mybatis-spring-boot-starter\1.3.1\mybatis-spring-boot-starter-1.3.1.jar;E:\repo\org\springframework\boot\spring-boot-starter-jdbc\2.0.0.RELEASE\spring-boot-starter-jdbc-2.0.0.RELEASE.jar;E:\repo\com\zaxxer\HikariCP\2.7.8\HikariCP-2.7.8.jar;E:\repo\org\springframework\spring-jdbc\5.0.4.RELEASE\spring-jdbc-5.0.4.RELEASE.jar;E:\repo\org\mybatis\spring\boot\mybatis-spring-boot-autoconfigure\1.3.1\mybatis-spring-boot-autoconfigure-1.3.1.jar;E:\repo\org\mybatis\mybatis\3.4.5\mybatis-3.4.5.jar;E:\repo\org\mybatis\mybatis-spring\1.3.1\mybatis-spring-1.3.1.jar;E:\repo\tk\mybatis\mapper-spring-boot-starter\2.0.3\mapper-spring-boot-starter-2.0.3.jar;E:\repo\tk\mybatis\mapper-core\1.0.4\mapper-core-1.0.4.jar;E:\repo\javax\persistence\persistence-api\1.0\persistence-api-1.0.jar;E:\repo\tk\mybatis\mapper-base\1.0.4\mapper-base-1.0.4.jar;E:\repo\tk\mybatis\mapper-weekend\1.1.3\mapper-weekend-1.1.3.jar;E:\repo\tk\mybatis\mapper-spring\1.0.4\mapper-spring-1.0.4.jar;E:\repo\tk\mybatis\mapper-extra\1.0.4\mapper-extra-1.0.4.jar;E:\repo\tk\mybatis\mapper-spring-boot-autoconfigure\2.0.3\mapper-spring-boot-autoconfigure-2.0.3.jar;E:\repo\com\github\pagehelper\pagehelper-spring-boot-starter\1.2.3\pagehelper-spring-boot-starter-1.2.3.jar;E:\repo\com\github\pagehelper\pagehelper-spring-boot-autoconfigure\1.2.3\pagehelper-spring-boot-autoconfigure-1.2.3.jar;E:\repo\com\github\pagehelper\pagehelper\5.1.2\pagehelper-5.1.2.jar;E:\repo\com\github\jsqlparser\jsqlparser\1.0\jsqlparser-1.0.jar;E:\repo\org\mybatis\generator\mybatis-generator-core\1.3.2\mybatis-generator-core-1.3.2.jar;E:\repo\org\springframework\boot\spring-boot-starter-data-redis\2.0.0.RELEASE\spring-boot-starter-data-redis-2.0.0.RELEASE.jar;E:\repo\org\springframework\data\spring-data-redis\2.0.5.RELEASE\spring-data-redis-2.0.5.RELEASE.jar;E:\repo\org\springframework\data\spring-data-keyvalue\2.0.5.RELEASE\spring-data-keyvalue-2.0.5.RELEASE.jar;E:\repo\org\springframework\data\spring-data-commons\2.0.5.RELEASE\spring-data-commons-2.0.5.RELEASE.jar;E:\repo\org\springframework\spring-tx\5.0.4.RELEASE\spring-tx-5.0.4.RELEASE.jar;E:\repo\org\springframework\spring-oxm\5.0.4.RELEASE\spring-oxm-5.0.4.RELEASE.jar;E:\repo\org\springframework\spring-context-support\5.0.4.RELEASE\spring-context-support-5.0.4.RELEASE.jar;E:\repo\io\lettuce\lettuce-core\5.0.2.RELEASE\lettuce-core-5.0.2.RELEASE.jar;E:\repo\io\projectreactor\reactor-core\3.1.5.RELEASE\reactor-core-3.1.5.RELEASE.jar;E:\repo\org\reactivestreams\reactive-streams\1.0.2\reactive-streams-1.0.2.jar;E:\repo\io\netty\netty-common\4.1.22.Final\netty-common-4.1.22.Final.jar;E:\repo\io\netty\netty-transport\4.1.22.Final\netty-transport-4.1.22.Final.jar;E:\repo\io\netty\netty-buffer\4.1.22.Final\netty-buffer-4.1.22.Final.jar;E:\repo\io\netty\netty-resolver\4.1.22.Final\netty-resolver-4.1.22.Final.jar;E:\repo\io\netty\netty-handler\4.1.22.Final\netty-handler-4.1.22.Final.jar;E:\repo\io\netty\netty-codec\4.1.22.Final\netty-codec-4.1.22.Final.jar;E:\repo\org\springframework\boot\spring-boot-starter-tomcat\2.0.0.RELEASE\spring-boot-starter-tomcat-2.0.0.RELEASE.jar;E:\repo\javax\annotation\javax.annotation-api\1.3.2\javax.annotation-api-1.3.2.jar;E:\repo\org\apache\tomcat\embed\tomcat-embed-core\8.5.28\tomcat-embed-core-8.5.28.jar;E:\repo\org\apache\tomcat\embed\tomcat-embed-el\8.5.28\tomcat-embed-el-8.5.28.jar;E:\repo\org\apache\tomcat\embed\tomcat-embed-websocket\8.5.28\tomcat-embed-websocket-8.5.28.jar;E:\repo\com\alibaba\fastjson\1.1.36\fastjson-1.1.36.jar;E:\repo\com\soecode\wx-tools\wx-tools\2.1.4-RELEASE\wx-tools-2.1.4-RELEASE.jar;E:\repo\org\apache\httpcomponents\httpclient\4.5.5\httpclient-4.5.5.jar;E:\repo\org\apache\httpcomponents\httpcore\4.4.9\httpcore-4.4.9.jar;E:\repo\commons-codec\commons-codec\1.11\commons-codec-1.11.jar;E:\repo\org\apache\httpcomponents\httpmime\4.5.5\httpmime-4.5.5.jar;E:\repo\org\codehaus\jackson\jackson-mapper-asl\1.9.13\jackson-mapper-asl-1.9.13.jar;E:\repo\org\codehaus\jackson\jackson-core-asl\1.9.13\jackson-core-asl-1.9.13.jar;E:\repo\com\thoughtworks\xstream\xstream\1.4.7\xstream-1.4.7.jar;E:\repo\xmlpull\xmlpull\1.1.3.1\xmlpull-1.1.3.1.jar;E:\repo\xpp3\xpp3_min\1.1.4c\xpp3_min-1.1.4c.jar;E:\repo\commons-io\commons-io\2.4\commons-io-2.4.jar;E:\repo\org\apache\commons\commons-lang3\3.7\commons-lang3-3.7.jar;"/>
    <property name="sun.cpu.endian" value="little"/>
    <property name="user.home" value="C:\Users\llz"/>
    <property name="user.language" value="zh"/>
    <property name="java.specification.vendor" value="Oracle Corporation"/>
    <property name="java.home" value="E:\Java\jdk1.8.0_171\jre"/>
    <property name="basedir" value="G:\github_repository\ycj-springboot\ycj-springboot"/>
    <property name="file.separator" value="\"/>
    <property name="line.separator" value="&#10;"/>
    <property name="java.vm.specification.vendor" value="Oracle Corporation"/>
    <property name="java.specification.name" value="Java Platform API Specification"/>
    <property name="java.awt.graphicsenv" value="sun.awt.Win32GraphicsEnvironment"/>
    <property name="surefire.real.class.path" value="C:\Users\llz\AppData\Local\Temp\surefire4647471253442291180\surefirebooter2848639372370411286.jar"/>
    <property name="sun.boot.class.path" value="E:\Java\jdk1.8.0_171\jre\lib\resources.jar;E:\Java\jdk1.8.0_171\jre\lib\rt.jar;E:\Java\jdk1.8.0_171\jre\lib\sunrsasign.jar;E:\Java\jdk1.8.0_171\jre\lib\jsse.jar;E:\Java\jdk1.8.0_171\jre\lib\jce.jar;E:\Java\jdk1.8.0_171\jre\lib\charsets.jar;E:\Java\jdk1.8.0_171\jre\lib\jfr.jar;E:\Java\jdk1.8.0_171\jre\classes"/>
    <property name="user.script" value=""/>
    <property name="sun.management.compiler" value="HotSpot 64-Bit Tiered Compilers"/>
    <property name="java.runtime.version" value="1.8.0_171-b11"/>
    <property name="user.name" value="llz"/>
    <property name="path.separator" value=";"/>
    <property name="os.version" value="10.0"/>
    <property name="java.endorsed.dirs" value="E:\Java\jdk1.8.0_171\jre\lib\endorsed"/>
    <property name="java.runtime.name" value="Java(TM) SE Runtime Environment"/>
    <property name="file.encoding" value="GBK"/>
    <property name="java.vm.name" value="Java HotSpot(TM) 64-Bit Server VM"/>
    <property name="localRepository" value="E:\repo"/>
    <property name="java.vendor.url.bug" value="http://bugreport.sun.com/bugreport/"/>
    <property name="java.io.tmpdir" value="C:\Users\llz\AppData\Local\Temp\"/>
    <property name="java.version" value="1.8.0_171"/>
    <property name="user.dir" value="G:\github_repository\ycj-springboot\ycj-springboot"/>
    <property name="os.arch" value="amd64"/>
    <property name="java.vm.specification.name" value="Java Virtual Machine Specification"/>
    <property name="java.awt.printerjob" value="sun.awt.windows.WPrinterJob"/>
    <property name="sun.os.patch.level" value=""/>
    <property name="java.library.path" value="E:\Java\jdk1.8.0_171\jre\bin;C:\WINDOWS\Sun\Java\bin;C:\WINDOWS\system32;C:\WINDOWS;E:\Java\jdk1.8.0_171\bin;E:\Java\jdk1.8.0_171\jre\bin;C:\Program Files (x86)\Common Files\Oracle\Java\javapath;C:\WINDOWS\system32;C:\WINDOWS;C:\WINDOWS\System32\Wbem;C:\WINDOWS\System32\WindowsPowerShell\v1.0\;C:\Users\llz\work\apache-maven\bin;C:\sqlite;C:\WINDOWS\System32\OpenSSH\;E:\SVN-1.10.0\bin;C:\Users\llz\AppData\Local\Microsoft\WindowsApps;C:\Users\llz\AppData\Local\Microsoft\WindowsApps;."/>
    <property name="java.vm.info" value="mixed mode"/>
    <property name="java.vendor" value="Oracle Corporation"/>
    <property name="java.vm.version" value="25.171-b11"/>
    <property name="java.ext.dirs" value="E:\Java\jdk1.8.0_171\jre\lib\ext;C:\WINDOWS\Sun\Java\lib\ext"/>
    <property name="sun.io.unicode.encoding" value="UnicodeLittle"/>
    <property name="java.class.version" value="52.0"/>
  </properties>
  <testcase name="menuTest" classname="com.cs.YcjApplicationTests" time="0.374"/>
</testsuite>